Terminals unused in grammar

   CURSI
   NEGRA
   CR


Grammar

    0 $accept: line $end

    1 line: PALABRA


Terminals, with rules where they appear

$end (0) 0
error (256)
PALABRA (258) 1
CURSI (259)
NEGRA (260)
CR (261)


Nonterminals, with rules where they appear

$accept (7)
    on left: 0
line (8)
    on left: 1, on right: 0


State 0

    0 $accept: . line $end

    PALABRA  shift, and go to state 1

    line  go to state 2


State 1

    1 line: PALABRA .

    $default  reduce using rule 1 (line)


State 2

    0 $accept: line . $end

    $end  shift, and go to state 3


State 3

    0 $accept: line $end .

    $default  accept
